<?xml version="1.0" encoding="UTF-8"?>
<!-- Generated by org.testng.reporters.JUnitReportReporter -->
<testsuite skipped="0" hostname="LAPTOP-E8PU3SFA" name="AppTest" tests="1" failures="0" timestamp="04 Dec 2019 16:36:57 GMT" time="0.007" errors="0">
  <testcase name="TestApp" time="0.007" classname="AppTest"/>
</testsuite> <!-- AppTest -->
