<?xml version="1.0" encoding="UTF-8"?>
<!-- Generated by org.testng.reporters.JUnitReportReporter -->
<testsuite skipped="0" hostname="LAPTOP-E8PU3SFA" name="ExtentReportsOctTest" tests="1" failures="0" timestamp="04 Dec 2019 16:37:16 GMT" time="0.351" errors="0">
  <testcase name="testApp" time="0.351" classname="ExtentReportsOctTest"/>
</testsuite> <!-- ExtentReportsOctTest -->
